<?xml version="1.0" encoding="UTF-8"?>
<!-- Generated by org.testng.reporters.JUnitReportReporter -->
<testsuite hostname="HP" failures="0" tests="1" name="testcases.ContactPageTestcase" time="30.445" errors="0" timestamp="2022-02-07T18:30:51 IST" skipped="0">
  <testcase classname="testcases.ContactPageTestcase" name="contact" time="30.445"/>
  <system-out/>
</testsuite> <!-- testcases.ContactPageTestcase -->
