<?xml version="1.0" encoding="UTF-8"?>
<!-- Generated by org.testng.reporters.JUnitReportReporter -->
<testsuite hostname="HP" failures="0" tests="1" name="testcases.CheckoutPagetestcase" time="41.753" errors="0" timestamp="2022-02-07T18:13:11 IST" skipped="0">
  <testcase classname="testcases.CheckoutPagetestcase" name="product" time="41.753"/>
  <system-out/>
</testsuite> <!-- testcases.CheckoutPagetestcase -->
