<?xml version="1.0" encoding="UTF-8"?>
<!-- Generated by org.testng.reporters.JUnitReportReporter -->
<testsuite hostname="HP" failures="0" tests="1" name="testcases.CartTestcase" time="37.156" errors="0" timestamp="2022-02-07T15:12:28 IST" skipped="0">
  <testcase classname="testcases.CartTestcase" name="product" time="37.156"/>
  <system-out/>
</testsuite> <!-- testcases.CartTestcase -->
