<?xml version="1.0" encoding="UTF-8"?>
<!-- Generated by org.testng.reporters.JUnitReportReporter -->
<testsuite hostname="HP" failures="0" tests="1" name="testcases.Logintestcase" time="29.127" errors="0" timestamp="2022-02-07T14:04:42 IST" skipped="0">
  <testcase classname="testcases.Logintestcase" name="login" time="29.127"/>
  <system-out/>
</testsuite> <!-- testcases.Logintestcase -->
