<?xml version="1.0" encoding="UTF-8"?>
<!-- Generated by org.testng.reporters.JUnitReportReporter -->
<testsuite hostname="HP" failures="0" tests="1" name="testcases.AddproductTocartTestcase" time="37.739" errors="0" timestamp="2022-02-07T14:34:34 IST" skipped="0">
  <testcase classname="testcases.AddproductTocartTestcase" name="selpro" time="37.739"/>
  <system-out/>
</testsuite> <!-- testcases.AddproductTocartTestcase -->
