<?xml version="1.0" encoding="UTF-8"?>
<!-- Generated by org.testng.reporters.JUnitReportReporter -->
<testsuite hostname="HP" failures="0" tests="1" name="testcases.SelectproductTestcase" time="41.231" errors="0" timestamp="2022-02-07T14:03:15 IST" skipped="0">
  <testcase classname="testcases.SelectproductTestcase" name="selpro" time="41.231"/>
  <system-out/>
</testsuite> <!-- testcases.SelectproductTestcase -->
