<?xml version="1.0" encoding="UTF-8"?>
<!-- Generated by org.testng.reporters.JUnitReportReporter -->
<testsuite hostname="HP" failures="0" tests="1" name="testcases.WishlistTestcase" time="35.485" errors="0" timestamp="2022-02-07T18:14:45 IST" skipped="0">
  <testcase classname="testcases.WishlistTestcase" name="selpro" time="35.485"/>
  <system-out/>
</testsuite> <!-- testcases.WishlistTestcase -->
