<?xml version="1.0" encoding="UTF-8"?>
<!-- Generated by org.testng.reporters.JUnitReportReporter -->
<testsuite hostname="HP" failures="0" tests="1" name="testcases.Searchcase" time="41.098" errors="0" timestamp="2022-02-07T14:03:15 IST" skipped="0">
  <testcase classname="testcases.Searchcase" name="sear" time="41.098"/>
  <system-out/>
</testsuite> <!-- testcases.Searchcase -->
