<?xml version="1.0" encoding="UTF-8"?>
<!-- Generated by org.testng.reporters.JUnitReportReporter -->
<testsuite hostname="HP" failures="0" tests="1" name="testcases.Categoriescase" time="26.791" errors="0" timestamp="04 Feb 2022 05:33:46 GMT" skipped="0">
  <testcase classname="testcases.Categoriescase" name="procat" time="26.791"/>
</testsuite> <!-- testcases.Categoriescase -->
