<?xml version="1.0" encoding="UTF-8"?>
<!-- Generated by org.testng.reporters.JUnitReportReporter -->
<testsuite hostname="HP" failures="0" tests="10" name="testrunner.Testrunner" time="182.565" errors="0" timestamp="2022-02-08T11:20:03 IST" skipped="0">
  <testcase classname="testrunner.Testrunner" name="runScenario" time="21.867"/>
  <system-out/>
  <testcase classname="testrunner.Testrunner" name="runScenario" time="16.952"/>
  <system-out/>
  <testcase classname="testrunner.Testrunner" name="runScenario" time="19.809"/>
  <system-out/>
  <testcase classname="testrunner.Testrunner" name="runScenario" time="19.453"/>
  <system-out/>
  <testcase classname="testrunner.Testrunner" name="runScenario" time="13.802"/>
  <system-out/>
  <testcase classname="testrunner.Testrunner" name="runScenario" time="15.141"/>
  <system-out/>
  <testcase classname="testrunner.Testrunner" name="runScenario" time="16.690"/>
  <system-out/>
  <testcase classname="testrunner.Testrunner" name="runScenario" time="28.898"/>
  <system-out/>
  <testcase classname="testrunner.Testrunner" name="runScenario" time="18.266"/>
  <system-out/>
  <testcase classname="testrunner.Testrunner" name="runScenario" time="11.687"/>
  <system-out/>
</testsuite> <!-- testrunner.Testrunner -->
